#
# There is insufficient memory for the Java Runtime Environment to continue.
# Native memory allocation (mmap) failed to map 56623104 bytes. Error detail: G1 virtual space
# Possible reasons:
#   The system is out of physical RAM or swap space
#   This process is running with CompressedOops enabled, and the Java Heap may be blocking the growth of the native heap
# Possible solutions:
#   Reduce memory load on the system
#   Increase physical memory or swap space
#   Check if swap backing store is full
#   Decrease Java heap size (-Xmx/-Xms)
#   Decrease number of Java threads
#   Decrease Java thread stack sizes (-Xss)
#   Set larger code cache with -XX:ReservedCodeCacheSize=
#   JVM is running with Unscaled Compressed Oops mode in which the Java heap is
#     placed in the first 4GB address space. The Java Heap base address is the
#     maximum limit for the native heap growth. Please use -XX:HeapBaseMinAddress
#     to set the Java Heap base and to place the Java Heap above 4GB virtual address.
# This output file may be truncated or incomplete.
#
#  Out of Memory Error (os_windows.cpp:3564), pid=19992, tid=9252
#
# JRE version: Java(TM) SE Runtime Environment (24.0+36) (build 24+36-3646)
# Java VM: Java HotSpot(TM) 64-Bit Server VM (24+36-3646, mixed mode, emulated-client, sharing, tiered, compressed oops, compressed class ptrs, g1 gc, windows-amd64)
# No core dump will be written. Minidumps are not enabled by default on client versions of Windows
#

---------------  S U M M A R Y ------------

Command Line: -XX:TieredStopAtLevel=1 br.cefetmg.quadrafacil.QuadrafacilApplication

Host: AMD Ryzen 7 5700U with Radeon Graphics         , 16 cores, 5G,  Windows 11 , 64 bit Build 26100 (10.0.26100.8328)
Time: Fri Jun 12 09:09:44 2026 Hora oficial do Brasil elapsed time: 55877.460237 seconds (0d 15h 31m 17s)

---------------  T H R E A D  ---------------

Current thread (0x000002acdea90160):  VMThread "VM Thread"          [id=9252, stack(0x000000d124700000,0x000000d124800000) (1024K)]

Stack: [0x000000d124700000,0x000000d124800000]
Native frames: (J=compiled Java code, j=interpreted, Vv=VM code, C=native code)
V  [jvm.dll+0x7308c9]  (no source info available)
V  [jvm.dll+0x8d9ca3]  (no source info available)
V  [jvm.dll+0x8dc13d]  (no source info available)
V  [jvm.dll+0x8dc7b3]  (no source info available)
V  [jvm.dll+0x2aa046]  (no source info available)
V  [jvm.dll+0x72cdf5]  (no source info available)
V  [jvm.dll+0x72091a]  (no source info available)
V  [jvm.dll+0x390d8a]  (no source info available)
V  [jvm.dll+0x398a96]  (no source info available)
V  [jvm.dll+0x3852de]  (no source info available)
V  [jvm.dll+0x385598]  (no source info available)
V  [jvm.dll+0x35d16c]  (no source info available)
V  [jvm.dll+0x35d1fa]  (no source info available)
V  [jvm.dll+0x3aa7a2]  (no source info available)
V  [jvm.dll+0x3a8e22]  (no source info available)
V  [jvm.dll+0x35c937]  (no source info available)
V  [jvm.dll+0x3a85d4]  (no source info available)
V  [jvm.dll+0x8e2872]  (no source info available)
V  [jvm.dll+0x8e3bbc]  (no source info available)
V  [jvm.dll+0x8e4128]  (no source info available)
V  [jvm.dll+0x8e43c3]  (no source info available)
V  [jvm.dll+0x87d8fb]  (no source info available)
V  [jvm.dll+0x72efe5]  (no source info available)
C  [ucrtbase.dll+0x37b0]  (no source info available)
C  [KERNEL32.DLL+0x2e957]  (no source info available)
C  [ntdll.dll+0x427c]  (no source info available)

VM_Operation (0x000000d1253f67d0): G1CollectForAllocation, mode: safepoint, requested by thread 0x000002acc76edde0


---------------  P R O C E S S  ---------------

Threads class SMR info:
_java_thread_list=0x000002acc52b85b0, length=24, elements={
0x000002acdea9fff0, 0x000002acdeaa0730, 0x000002acdeaa57d0, 0x000002acdeaa6170,
0x000002acdeaa96c0, 0x000002acdeab0d90, 0x000002acdeac3540, 0x000002acdeafe780,
0x000002acc5042cf0, 0x000002acc5af8010, 0x000002acc6a19f10, 0x000002acc6949780,
0x000002acc69488e0, 0x000002acc694a620, 0x000002acc76f2e50, 0x000002acc5096440,
0x000002acc78f8e20, 0x000002acc76ed690, 0x000002acc76edde0, 0x000002acc76ee530,
0x000002acc76ec7f0, 0x000002acc76f1860, 0x000002acc76f0270, 0x000002acc76f1fb0
}

Java Threads: ( => current thread )
  0x000002acdea9fff0 JavaThread "Reference Handler"          daemon [_thread_blocked, id=23088, stack(0x000000d124800000,0x000000d124900000) (1024K)]
  0x000002acdeaa0730 JavaThread "Finalizer"                  daemon [_thread_blocked, id=22668, stack(0x000000d124900000,0x000000d124a00000) (1024K)]
  0x000002acdeaa57d0 JavaThread "Signal Dispatcher"          daemon [_thread_blocked, id=7448, stack(0x000000d124a00000,0x000000d124b00000) (1024K)]
  0x000002acdeaa6170 JavaThread "Attach Listener"            daemon [_thread_blocked, id=10048, stack(0x000000d124b00000,0x000000d124c00000) (1024K)]
  0x000002acdeaa96c0 JavaThread "Service Thread"             daemon [_thread_blocked, id=17380, stack(0x000000d124c00000,0x000000d124d00000) (1024K)]
  0x000002acdeab0d90 JavaThread "Monitor Deflation Thread"   daemon [_thread_blocked, id=17164, stack(0x000000d124d00000,0x000000d124e00000) (1024K)]
  0x000002acdeac3540 JavaThread "C1 CompilerThread0"         daemon [_thread_blocked, id=3012, stack(0x000000d124e00000,0x000000d124f00000) (1024K)]
  0x000002acdeafe780 JavaThread "Notification Thread"        daemon [_thread_blocked, id=8544, stack(0x000000d124f00000,0x000000d125000000) (1024K)]
  0x000002acc5042cf0 JavaThread "Common-Cleaner"             daemon [_thread_blocked, id=11748, stack(0x000000d125000000,0x000000d125100000) (1024K)]
  0x000002acc5af8010 JavaThread "mysql-cj-abandoned-connection-cleanup" daemon [_thread_blocked, id=13564, stack(0x000000d126800000,0x000000d126900000) (1024K)]
  0x000002acc6a19f10 JavaThread "Live Reload Server"         daemon [_thread_in_native, id=21720, stack(0x000000d126e00000,0x000000d126f00000) (1024K)]
  0x000002acc6949780 JavaThread "DestroyJavaVM"                     [_thread_blocked, id=1832, stack(0x000000d124000000,0x000000d124100000) (1024K)]
  0x000002acc69488e0 JavaThread "File Watcher"               daemon [_thread_blocked, id=25644, stack(0x000000d125100000,0x000000d125200000) (1024K)]
  0x000002acc694a620 JavaThread "File Watcher"               daemon [_thread_blocked, id=23596, stack(0x000000d125400000,0x000000d125500000) (1024K)]
  0x000002acc76f2e50 JavaThread "Thread-69"                         [_thread_blocked, id=16912, stack(0x000000d123d00000,0x000000d123e00000) (1024K)]
  0x000002acc5096440 JavaThread "C1 CompilerThread1"         daemon [_thread_blocked, id=27992, stack(0x000000d125200000,0x000000d125300000) (1024K)]
  0x000002acc78f8e20 JavaThread "C1 CompilerThread2"         daemon [_thread_blocked, id=19556, stack(0x000000d126500000,0x000000d126600000) (1024K)]
  0x000002acc76ed690 JavaThread "File Watcher"               daemon [_thread_blocked, id=32312, stack(0x000000d123e00000,0x000000d123f00000) (1024K)]
  0x000002acc76edde0 JavaThread "restartedMain"                     [_thread_blocked, id=10684, stack(0x000000d125300000,0x000000d125400000) (1024K)]
  0x000002acc76ee530 JavaThread "Catalina-utility-1"                [_thread_blocked, id=13184, stack(0x000000d125500000,0x000000d125600000) (1024K)]
  0x000002acc76ec7f0 JavaThread "Catalina-utility-2"                [_thread_blocked, id=31828, stack(0x000000d125e00000,0x000000d125f00000) (1024K)]
  0x000002acc76f1860 JavaThread "container-3"                       [_thread_blocked, id=5560, stack(0x000000d126600000,0x000000d126700000) (1024K)]
  0x000002acc76f0270 JavaThread "HikariPool-18:housekeeper"  daemon [_thread_blocked, id=26268, stack(0x000000d126700000,0x000000d126800000) (1024K)]
  0x000002acc76f1fb0 JavaThread "HikariPool-18:connection-adder" daemon [_thread_blocked, id=21828, stack(0x000000d126900000,0x000000d126a00000) (1024K)]
Total: 24

Other Threads:
=>0x000002acdea90160 VMThread "VM Thread"                           [id=9252, stack(0x000000d124700000,0x000000d124800000) (1024K)]
  0x000002acdea834d0 WatcherThread "VM Periodic Task Thread"        [id=14736, stack(0x000000d124600000,0x000000d124700000) (1024K)]
  0x000002accde9f0e0 WorkerThread "GC Thread#0"                     [id=16560, stack(0x000000d124100000,0x000000d124200000) (1024K)]
  0x000002acc5ed6710 WorkerThread "GC Thread#1"                     [id=17136, stack(0x000000d125700000,0x000000d125800000) (1024K)]
  0x000002acc5e97d20 WorkerThread "GC Thread#2"                     [id=13072, stack(0x000000d125800000,0x000000d125900000) (1024K)]
  0x000002acc5eb7780 WorkerThread "GC Thread#3"                     [id=7860, stack(0x000000d125900000,0x000000d125a00000) (1024K)]
  0x000002acc5eb7b30 WorkerThread "GC Thread#4"                     [id=1828, stack(0x000000d125a00000,0x000000d125b00000) (1024K)]
  0x000002acc5e9f800 WorkerThread "GC Thread#5"                     [id=468, stack(0x000000d125b00000,0x000000d125c00000) (1024K)]
  0x000002acc5e9ffb0 WorkerThread "GC Thread#6"                     [id=19988, stack(0x000000d125c00000,0x000000d125d00000) (1024K)]
  0x000002acc5ea5000 WorkerThread "GC Thread#7"                     [id=7660, stack(0x000000d125d00000,0x000000d125e00000) (1024K)]
  0x000002acc5ea48a0 WorkerThread "GC Thread#8"                     [id=8840, stack(0x000000d125600000,0x000000d125700000) (1024K)]
  0x000002acc5ea5760 WorkerThread "GC Thread#9"                     [id=18288, stack(0x000000d125f00000,0x000000d126000000) (1024K)]
  0x000002acc5ea5b10 WorkerThread "GC Thread#10"                    [id=11396, stack(0x000000d126000000,0x000000d126100000) (1024K)]
  0x000002acc5ea53b0 WorkerThread "GC Thread#11"                    [id=20624, stack(0x000000d126100000,0x000000d126200000) (1024K)]
  0x000002acc5ea5ec0 WorkerThread "GC Thread#12"                    [id=6708, stack(0x000000d126200000,0x000000d126300000) (1024K)]
  0x000002accdeaea50 ConcurrentGCThread "G1 Main Marker"            [id=22592, stack(0x000000d124200000,0x000000d124300000) (1024K)]
  0x000002accdeaf7f0 WorkerThread "G1 Conc#0"                       [id=21996, stack(0x000000d124300000,0x000000d124400000) (1024K)]
  0x000002acc637db90 WorkerThread "G1 Conc#1"                       [id=8768, stack(0x000000d126300000,0x000000d126400000) (1024K)]
  0x000002acc637b300 WorkerThread "G1 Conc#2"                       [id=21492, stack(0x000000d126400000,0x000000d126500000) (1024K)]
  0x000002acde93d530 ConcurrentGCThread "G1 Refine#0"               [id=7548, stack(0x000000d124400000,0x000000d124500000) (1024K)]
  0x000002acde93f980 ConcurrentGCThread "G1 Service"                [id=3360, stack(0x000000d124500000,0x000000d124600000) (1024K)]
Total: 21

Threads with active compile tasks:
Total: 0

VM state: at safepoint (normal execution)

VM Mutex/Monitor currently owned by a thread:  ([mutex/lock_event])
[0x00007ffa756e44c0] Threads_lock - owner thread: 0x000002acdea90160
[0x00007ffa756e45c0] Heap_lock - owner thread: 0x000002acc76edde0

Heap address: 0x00000000a2600000, size: 1498 MB, Compressed Oops mode: 32-bit

CDS archive(s) mapped at: [0x000002ac80000000-0x000002ac80d40000-0x000002ac80d40000), size 13893632, SharedBaseAddress: 0x000002ac80000000, ArchiveRelocationMode: 1.
Compressed class space mapped at: 0x000002ac81000000-0x000002acc1000000, reserved size: 1073741824
UseCompressedClassPointers 1, UseCompactObjectHeaders 0
Narrow klass pointer bits 32, Max shift 3
Narrow klass base: 0x000002ac80000000, Narrow klass shift: 0
Encoding Range: [0x000002ac80000000 - 0x000002ad80000000), (4294967296 bytes)
Klass Range:    [0x000002ac80000000 - 0x000002acc1000000), (1090519040 bytes)
Klass ID Range:  [8 - 1090519033) (1090519025)

GC Precious Log:
 CardTable entry size: 512
 Card Set container configuration: InlinePtr #cards 5 size 8 Array Of Cards #cards 10 size 36 Howl #buckets 4 coarsen threshold 1843 Howl Bitmap #cards 512 size 80 coarsen threshold 460 Card regions per heap region 1 cards per card region 2048
 CPUs: 16 total, 16 available
 Memory: 5989M
 Large Page Support: Disabled
 NUMA Support: Disabled
 Compressed Oops: Enabled (32-bit)
 Heap Region Size: 1M
 Heap Min Capacity: 8M
 Heap Initial Capacity: 94M
 Heap Max Capacity: 1498M
 Pre-touch: Disabled
 Parallel Workers: 13
 Concurrent Workers: 3
 Concurrent Refinement Workers: 13
 Periodic GC: Disabled

Heap:
 garbage-first heap   total reserved 1533952K, committed 98304K, used 34428K [0x00000000a2600000, 0x0000000100000000)
  region size 1024K, 4 young (4096K), 4 survivors (4096K)
 Metaspace       used 74295K, committed 75136K, reserved 1179648K
  class space    used 8462K, committed 8832K, reserved 1048576K

Heap Regions: E=young(eden), S=young(survivor), O=old, HS=humongous(starts), HC=humongous(continues), CS=collection set, F=free, TAMS=top-at-mark-start, PB=parsable bottom
|   0|0x00000000a2600000, 0x00000000a2700000, 0x00000000a2700000|100%|HS|  |TAMS 0x00000000a2700000| PB 0x00000000a2600000| Complete |  0
|   1|0x00000000a2700000, 0x00000000a2800000, 0x00000000a2800000|100%|HS|  |TAMS 0x00000000a2800000| PB 0x00000000a2700000| Complete |  0
|   2|0x00000000a2800000, 0x00000000a28ffff8, 0x00000000a2900000| 99%| O|  |TAMS 0x00000000a28ffff8| PB 0x00000000a2800000| Untracked |  0
|   3|0x00000000a2900000, 0x00000000a29ffff8, 0x00000000a2a00000| 99%| O|  |TAMS 0x00000000a29ffff8| PB 0x00000000a2900000| Untracked |  0
|   4|0x00000000a2a00000, 0x00000000a2afff98, 0x00000000a2b00000| 99%| O|  |TAMS 0x00000000a2afff98| PB 0x00000000a2a00000| Untracked |  0
|   5|0x00000000a2b00000, 0x00000000a2c00000, 0x00000000a2c00000|100%| O|  |TAMS 0x00000000a2c00000| PB 0x00000000a2b00000| Untracked |  0
|   6|0x00000000a2c00000, 0x00000000a2cffff0, 0x00000000a2d00000| 99%| O|  |TAMS 0x00000000a2cffff0| PB 0x00000000a2c00000| Untracked |  0
|   7|0x00000000a2d00000, 0x00000000a2dfff78, 0x00000000a2e00000| 99%| O|  |TAMS 0x00000000a2dfff78| PB 0x00000000a2d00000| Untracked |  0
|   8|0x00000000a2e00000, 0x00000000a2effff0, 0x00000000a2f00000| 99%| O|  |TAMS 0x00000000a2effff0| PB 0x00000000a2e00000| Untracked |  0
|   9|0x00000000a2f00000, 0x00000000a2ffffe0, 0x00000000a3000000| 99%| O|  |TAMS 0x00000000a2ffffe0| PB 0x00000000a2f00000| Untracked |  0
|  10|0x00000000a3000000, 0x00000000a30fffa8, 0x00000000a3100000| 99%| O|  |TAMS 0x00000000a30fffa8| PB 0x00000000a3000000| Untracked |  0
|  11|0x00000000a3100000, 0x00000000a31ffff8, 0x00000000a3200000| 99%| O|  |TAMS 0x00000000a31ffff8| PB 0x00000000a3100000| Untracked |  0
|  12|0x00000000a3200000, 0x00000000a32fffe0, 0x00000000a3300000| 99%| O|  |TAMS 0x00000000a32fffe0| PB 0x00000000a3200000| Untracked |  0
|  13|0x00000000a3300000, 0x00000000a33ffff0, 0x00000000a3400000| 99%| O|  |TAMS 0x00000000a33ffff0| PB 0x00000000a3300000| Untracked |  0
|  14|0x00000000a3400000, 0x00000000a34fffc8, 0x00000000a3500000| 99%| O|  |TAMS 0x00000000a34fffc8| PB 0x00000000a3400000| Untracked |  0
|  15|0x00000000a3500000, 0x00000000a35fffe8, 0x00000000a3600000| 99%| O|  |TAMS 0x00000000a35fffe8| PB 0x00000000a3500000| Untracked |  0
|  16|0x00000000a3600000, 0x00000000a36fe1c0, 0x00000000a3700000| 99%| O|  |TAMS 0x00000000a36fe1c0| PB 0x00000000a3600000| Untracked |  0
|  17|0x00000000a3700000, 0x00000000a3800000, 0x00000000a3800000|100%| O|  |TAMS 0x00000000a3800000| PB 0x00000000a3700000| Untracked |  0
|  18|0x00000000a3800000, 0x00000000a38ffff8, 0x00000000a3900000| 99%| O|  |TAMS 0x00000000a38ffff8| PB 0x00000000a3800000| Untracked |  0
|  19|0x00000000a3900000, 0x00000000a39fffe0, 0x00000000a3a00000| 99%| O|  |TAMS 0x00000000a39fffe0| PB 0x00000000a3900000| Untracked |  0
|  20|0x00000000a3a00000, 0x00000000a3a9ad38, 0x00000000a3b00000| 60%| O|  |TAMS 0x00000000a3a9ad38| PB 0x00000000a3a00000| Untracked |  0
|  21|0x00000000a3b00000, 0x00000000a3c00000, 0x00000000a3c00000|100%| O|  |TAMS 0x00000000a3c00000| PB 0x00000000a3b00000| Untracked |  0
|  22|0x00000000a3c00000, 0x00000000a3cffff8, 0x00000000a3d00000| 99%| O|  |TAMS 0x00000000a3cffff8| PB 0x00000000a3c00000| Untracked |  0
|  23|0x00000000a3d00000, 0x00000000a3d12a00, 0x00000000a3e00000|  7%| O|  |TAMS 0x00000000a3d12a00| PB 0x00000000a3d00000| Untracked |  0
|  24|0x00000000a3e00000, 0x00000000a3e700d8, 0x00000000a3f00000| 43%| O|  |TAMS 0x00000000a3e700d8| PB 0x00000000a3e00000| Untracked |  0
|  25|0x00000000a3f00000, 0x00000000a4000000, 0x00000000a4000000|100%| O|  |TAMS 0x00000000a4000000| PB 0x00000000a3f00000| Untracked |  0
|  26|0x00000000a4000000, 0x00000000a4100000, 0x00000000a4100000|100%| O|  |TAMS 0x00000000a4100000| PB 0x00000000a4000000| Untracked |  0
|  27|0x00000000a4100000, 0x00000000a4100000, 0x00000000a4200000|  0%| F|  |TAMS 0x00000000a4100000| PB 0x00000000a4100000| Untracked |  0
|  28|0x00000000a4200000, 0x00000000a4300000, 0x00000000a4300000|100%| O|  |TAMS 0x00000000a4300000| PB 0x00000000a4200000| Untracked |  0
|  29|0x00000000a4300000, 0x00000000a4400000, 0x00000000a4400000|100%| O|  |TAMS 0x00000000a4400000| PB 0x00000000a4300000| Untracked |  0
|  30|0x00000000a4400000, 0x00000000a4500000, 0x00000000a4500000|100%| O|  |TAMS 0x00000000a4500000| PB 0x00000000a4400000| Untracked |  0
|  31|0x00000000a4500000, 0x00000000a4600000, 0x00000000a4600000|100%| O|  |TAMS 0x00000000a4600000| PB 0x00000000a4500000| Untracked |  0
|  32|0x00000000a4600000, 0x00000000a46457f8, 0x00000000a4700000| 27%| O|  |TAMS 0x00000000a46457f8| PB 0x00000000a4600000| Untracked |  0
|  33|0x00000000a4700000, 0x00000000a4700000, 0x00000000a4800000|  0%| F|  |TAMS 0x00000000a4700000| PB 0x00000000a4700000| Untracked |  0
|  34|0x00000000a4800000, 0x00000000a4800000, 0x00000000a4900000|  0%| F|  |TAMS 0x00000000a4800000| PB 0x00000000a4800000| Untracked |  0
|  35|0x00000000a4900000, 0x00000000a4900000, 0x00000000a4a00000|  0%| F|  |TAMS 0x00000000a4900000| PB 0x00000000a4900000| Untracked |  0
|  36|0x00000000a4a00000, 0x00000000a4a00000, 0x00000000a4b00000|  0%| F|  |TAMS 0x00000000a4a00000| PB 0x00000000a4a00000| Untracked |  0
|  37|0x00000000a4b00000, 0x00000000a4b00000, 0x00000000a4c00000|  0%| F|  |TAMS 0x00000000a4b00000| PB 0x00000000a4b00000| Untracked |  0
|  38|0x00000000a4c00000, 0x00000000a4c3e1b0, 0x00000000a4d00000| 24%| S|CS|TAMS 0x00000000a4c00000| PB 0x00000000a4c00000| Complete |  0
|  39|0x00000000a4d00000, 0x00000000a4e00000, 0x00000000a4e00000|100%| S|CS|TAMS 0x00000000a4d00000| PB 0x00000000a4d00000| Complete |  0
|  40|0x00000000a4e00000, 0x00000000a4f00000, 0x00000000a4f00000|100%| S|CS|TAMS 0x00000000a4e00000| PB 0x00000000a4e00000| Complete |  0
|  41|0x00000000a4f00000, 0x00000000a5000000, 0x00000000a5000000|100%| S|CS|TAMS 0x00000000a4f00000| PB 0x00000000a4f00000| Complete |  0
|  42|0x00000000a5000000, 0x00000000a5000000, 0x00000000a5100000|  0%| F|  |TAMS 0x00000000a5000000| PB 0x00000000a5000000| Untracked |  0
|  43|0x00000000a5100000, 0x00000000a5100000, 0x00000000a5200000|  0%| F|  |TAMS 0x00000000a5100000| PB 0x00000000a5100000| Untracked |  0
|  44|0x00000000a5200000, 0x00000000a5200000, 0x00000000a5300000|  0%| F|  |TAMS 0x00000000a5200000| PB 0x00000000a5200000| Untracked |  0
|  45|0x00000000a5300000, 0x00000000a5300000, 0x00000000a5400000|  0%| F|  |TAMS 0x00000000a5300000| PB 0x00000000a5300000| Untracked |  0
|  46|0x00000000a5400000, 0x00000000a5400000, 0x00000000a5500000|  0%| F|  |TAMS 0x00000000a5400000| PB 0x00000000a5400000| Untracked |  0
|  47|0x00000000a5500000, 0x00000000a5500000, 0x00000000a5600000|  0%| F|  |TAMS 0x00000000a5500000| PB 0x00000000a5500000| Untracked |  0
|  48|0x00000000a5600000, 0x00000000a5600000, 0x00000000a5700000|  0%| F|  |TAMS 0x00000000a5600000| PB 0x00000000a5600000| Untracked |  0
|  49|0x00000000a5700000, 0x00000000a5700000, 0x00000000a5800000|  0%| F|  |TAMS 0x00000000a5700000| PB 0x00000000a5700000| Untracked |  0
|  50|0x00000000a5800000, 0x00000000a5800000, 0x00000000a5900000|  0%| F|  |TAMS 0x00000000a5800000| PB 0x00000000a5800000| Untracked |  0
|  51|0x00000000a5900000, 0x00000000a5900000, 0x00000000a5a00000|  0%| F|  |TAMS 0x00000000a5900000| PB 0x00000000a5900000| Untracked |  0
|  52|0x00000000a5a00000, 0x00000000a5a00000, 0x00000000a5b00000|  0%| F|  |TAMS 0x00000000a5a00000| PB 0x00000000a5a00000| Untracked |  0
|  53|0x00000000a5b00000, 0x00000000a5b00000, 0x00000000a5c00000|  0%| F|  |TAMS 0x00000000a5b00000| PB 0x00000000a5b00000| Untracked |  0
|  54|0x00000000a5c00000, 0x00000000a5c00000, 0x00000000a5d00000|  0%| F|  |TAMS 0x00000000a5c00000| PB 0x00000000a5c00000| Untracked |  0
|  55|0x00000000a5d00000, 0x00000000a5d00000, 0x00000000a5e00000|  0%| F|  |TAMS 0x00000000a5d00000| PB 0x00000000a5d00000| Untracked |  0
|  56|0x00000000a5e00000, 0x00000000a5e00000, 0x00000000a5f00000|  0%| F|  |TAMS 0x00000000a5e00000| PB 0x00000000a5e00000| Untracked |  0
|  57|0x00000000a5f00000, 0x00000000a5f00000, 0x00000000a6000000|  0%| F|  |TAMS 0x00000000a5f00000| PB 0x00000000a5f00000| Untracked |  0
|  58|0x00000000a6000000, 0x00000000a6000000, 0x00000000a6100000|  0%| F|  |TAMS 0x00000000a6000000| PB 0x00000000a6000000| Untracked |  0
|  59|0x00000000a6100000, 0x00000000a6100000, 0x00000000a6200000|  0%| F|  |TAMS 0x00000000a6100000| PB 0x00000000a6100000| Untracked |  0
|  60|0x00000000a6200000, 0x00000000a6200000, 0x00000000a6300000|  0%| F|  |TAMS 0x00000000a6200000| PB 0x00000000a6200000| Untracked |  0
|  61|0x00000000a6300000, 0x00000000a6300000, 0x00000000a6400000|  0%| F|  |TAMS 0x00000000a6300000| PB 0x00000000a6300000| Untracked |  0
|  62|0x00000000a6400000, 0x00000000a6400000, 0x00000000a6500000|  0%| F|  |TAMS 0x00000000a6400000| PB 0x00000000a6400000| Untracked |  0
|  63|0x00000000a6500000, 0x00000000a6500000, 0x00000000a6600000|  0%| F|  |TAMS 0x00000000a6500000| PB 0x00000000a6500000| Untracked |  0
|  64|0x00000000a6600000, 0x00000000a6600000, 0x00000000a6700000|  0%| F|  |TAMS 0x00000000a6600000| PB 0x00000000a6600000| Untracked |  0
|  65|0x00000000a6700000, 0x00000000a6700000, 0x00000000a6800000|  0%| F|  |TAMS 0x00000000a6700000| PB 0x00000000a6700000| Untracked |  0
|  66|0x00000000a6800000, 0x00000000a6800000, 0x00000000a6900000|  0%| F|  |TAMS 0x00000000a6800000| PB 0x00000000a6800000| Untracked |  0
|  67|0x00000000a6900000, 0x00000000a6900000, 0x00000000a6a00000|  0%| F|  |TAMS 0x00000000a6900000| PB 0x00000000a6900000| Untracked |  0
|  68|0x00000000a6a00000, 0x00000000a6a00000, 0x00000000a6b00000|  0%| F|  |TAMS 0x00000000a6a00000| PB 0x00000000a6a00000| Untracked |  0
|  69|0x00000000a6b00000, 0x00000000a6b00000, 0x00000000a6c00000|  0%| F|  |TAMS 0x00000000a6b00000| PB 0x00000000a6b00000| Untracked |  0
|  70|0x00000000a6c00000, 0x00000000a6c00000, 0x00000000a6d00000|  0%| F|  |TAMS 0x00000000a6c00000| PB 0x00000000a6c00000| Untracked |  0
|  71|0x00000000a6d00000, 0x00000000a6d00000, 0x00000000a6e00000|  0%| F|  |TAMS 0x00000000a6d00000| PB 0x00000000a6d00000| Untracked |  0
|  72|0x00000000a6e00000, 0x00000000a6e00000, 0x00000000a6f00000|  0%| F|  |TAMS 0x00000000a6e00000| PB 0x00000000a6e00000| Untracked |  0
|  73|0x00000000a6f00000, 0x00000000a6f00000, 0x00000000a7000000|  0%| F|  |TAMS 0x00000000a6f00000| PB 0x00000000a6f00000| Untracked |  0
|  74|0x00000000a7000000, 0x00000000a7000000, 0x00000000a7100000|  0%| F|  |TAMS 0x00000000a7000000| PB 0x00000000a7000000| Untracked |  0
|  75|0x00000000a7100000, 0x00000000a7100000, 0x00000000a7200000|  0%| F|  |TAMS 0x00000000a7100000| PB 0x00000000a7100000| Untracked |  0
|  76|0x00000000a7200000, 0x00000000a7200000, 0x00000000a7300000|  0%| F|  |TAMS 0x00000000a7200000| PB 0x00000000a7200000| Untracked |  0
|  77|0x00000000a7300000, 0x00000000a7300000, 0x00000000a7400000|  0%| F|  |TAMS 0x00000000a7300000| PB 0x00000000a7300000| Untracked |  0
|  78|0x00000000a7400000, 0x00000000a7400000, 0x00000000a7500000|  0%| F|  |TAMS 0x00000000a7400000| PB 0x00000000a7400000| Untracked |  0
|  79|0x00000000a7500000, 0x00000000a7500000, 0x00000000a7600000|  0%| F|  |TAMS 0x00000000a7500000| PB 0x00000000a7500000| Untracked |  0
|  80|0x00000000a7600000, 0x00000000a7600000, 0x00000000a7700000|  0%| F|  |TAMS 0x00000000a7600000| PB 0x00000000a7600000| Untracked |  0
|  81|0x00000000a7700000, 0x00000000a7700000, 0x00000000a7800000|  0%| F|  |TAMS 0x00000000a7700000| PB 0x00000000a7700000| Untracked |  0
|  82|0x00000000a7800000, 0x00000000a7800000, 0x00000000a7900000|  0%| F|  |TAMS 0x00000000a7800000| PB 0x00000000a7800000| Untracked |  0
|  83|0x00000000a7900000, 0x00000000a7900000, 0x00000000a7a00000|  0%| F|  |TAMS 0x00000000a7900000| PB 0x00000000a7900000| Untracked |  0
|  84|0x00000000a7a00000, 0x00000000a7a00000, 0x00000000a7b00000|  0%| F|  |TAMS 0x00000000a7a00000| PB 0x00000000a7a00000| Untracked |  0
|  85|0x00000000a7b00000, 0x00000000a7b00000, 0x00000000a7c00000|  0%| F|  |TAMS 0x00000000a7b00000| PB 0x00000000a7b00000| Untracked |  0
|  86|0x00000000a7c00000, 0x00000000a7c00000, 0x00000000a7d00000|  0%| F|  |TAMS 0x00000000a7c00000| PB 0x00000000a7c00000| Untracked |  0
|  87|0x00000000a7d00000, 0x00000000a7d00000, 0x00000000a7e00000|  0%| F|  |TAMS 0x00000000a7d00000| PB 0x00000000a7d00000| Untracked |  0
|  88|0x00000000a7e00000, 0x00000000a7e00000, 0x00000000a7f00000|  0%| F|  |TAMS 0x00000000a7e00000| PB 0x00000000a7e00000| Untracked |  0
|  89|0x00000000a7f00000, 0x00000000a7f00000, 0x00000000a8000000|  0%| F|  |TAMS 0x00000000a7f00000| PB 0x00000000a7f00000| Untracked |  0
|  90|0x00000000a8000000, 0x00000000a8000000, 0x00000000a8100000|  0%| F|  |TAMS 0x00000000a8000000| PB 0x00000000a8000000| Untracked |  0
|  91|0x00000000a8100000, 0x00000000a8100000, 0x00000000a8200000|  0%| F|  |TAMS 0x00000000a8100000| PB 0x00000000a8100000| Untracked |  0
|  92|0x00000000a8200000, 0x00000000a8200000, 0x00000000a8300000|  0%| F|  |TAMS 0x00000000a8200000| PB 0x00000000a8200000| Untracked |  0
|  93|0x00000000a8300000, 0x00000000a8300000, 0x00000000a8400000|  0%| F|  |TAMS 0x00000000a8300000| PB 0x00000000a8300000| Untracked |  0
|1496|0x00000000ffe00000, 0x00000000fff00000, 0x00000000fff00000|100%| O|  |TAMS 0x00000000fff00000| PB 0x00000000ffe00000| Untracked |  0
|1497|0x00000000fff00000, 0x00000000fff00000, 0x0000000100000000|  0%| F|  |TAMS 0x00000000fff00000| PB 0x00000000fff00000| Untracked |  0

Card table byte_map: [0x000002acda040000,0x000002acda330000] _byte_map_base: 0x000002acd9b2d000

Marking Bits: (CMBitMap*) 0x000002accde9f700
 Bits: [0x000002acda330000, 0x000002acdba98000)

Polling page: 0x000002accbc30000

Metaspace:

Usage:
  Non-class:     64.29 MB used.
      Class:      8.26 MB used.
       Both:     72.55 MB used.

Virtual space:
  Non-class space:      128.00 MB reserved,      64.75 MB ( 51%) committed,  2 nodes.
      Class space:        1.00 GB reserved,       8.62 MB ( <1%) committed,  1 nodes.
             Both:        1.12 GB reserved,      73.38 MB (  6%) committed. 

Chunk freelists:
   Non-Class:  14.42 MB
       Class:  7.21 MB
        Both:  21.63 MB

MaxMetaspaceSize: unlimited
CompressedClassSpaceSize: 1.00 GB
Initial GC threshold: 21.00 MB
Current GC threshold: 122.12 MB
CDS: on
 - commit_granule_bytes: 65536.
 - commit_granule_words: 8192.
 - virtual_space_node_default_size: 8388608.
 - enlarge_chunks_in_place: 1.
UseCompressedClassPointers 1, UseCompactObjectHeaders 0
Narrow klass pointer bits 32, Max shift 3
Narrow klass base: 0x000002ac80000000, Narrow klass shift: 0
Encoding Range: [0x000002ac80000000 - 0x000002ad80000000), (4294967296 bytes)
Klass Range:    [0x000002ac80000000 - 0x000002acc1000000), (1090519040 bytes)
Klass ID Range:  [8 - 1090519033) (1090519025)


Internal statistics:

num_allocs_failed_limit: 6.
num_arena_births: 1584.
num_arena_deaths: 714.
num_vsnodes_births: 3.
num_vsnodes_deaths: 0.
num_space_committed: 1174.
num_space_uncommitted: 0.
num_chunks_returned_to_freelist: 843.
num_chunks_taken_from_freelist: 4674.
num_chunk_merges: 154.
num_chunk_splits: 2946.
num_chunks_enlarged: 2249.
num_inconsistent_stats: 0.

CodeCache: size=49152Kb used=13241Kb max_used=17606Kb free=35910Kb
 bounds [0x000002acd66f0000, 0x000002acd7840000, 0x000002acd96f0000]
 total_blobs=8505, nmethods=7773, adapters=655, full_count=0
Compilation: enabled, stopped_count=0, restarted_count=0

Compilation events (20 events):
Event: 55874.126 Thread 0x000002acdeac3540 15765       1       org.hibernate.sql.results.internal.SqlSelectionImpl::<init> (38 bytes)
Event: 55874.126 Thread 0x000002acc5096440 15766       1       org.hibernate.sql.ast.tree.select.SelectClause::addSqlSelection (12 bytes)
Event: 55874.126 Thread 0x000002acc78f8e20 15767       1       org.hibernate.sql.results.graph.basic.BasicFetch::<init> (130 bytes)
Event: 55874.127 Thread 0x000002acc5096440 nmethod 15766 0x000002acd731e488 code [0x000002acd731e5a0, 0x000002acd731e698]
Event: 55874.127 Thread 0x000002acc5096440 15768       1       org.hibernate.sql.results.graph.basic.BasicResultAssembler::<init> (26 bytes)
Event: 55874.127 Thread 0x000002acdeac3540 nmethod 15765 0x000002acd731e108 code [0x000002acd731e220, 0x000002acd731e408]
Event: 55874.127 Thread 0x000002acdeac3540 15774       1       org.hibernate.boot.internal.SessionFactoryOptionsBuilder::isSubselectFetchEnabled (5 bytes)
Event: 55874.127 Thread 0x000002acc5096440 nmethod 15768 0x000002acd731dd08 code [0x000002acd731de20, 0x000002acd731df88]
Event: 55874.127 Thread 0x000002acdeac3540 nmethod 15774 0x000002acd7560e08 code [0x000002acd7560f00, 0x000002acd7560fc8]
Event: 55874.127 Thread 0x000002acc78f8e20 nmethod 15767 0x000002acd7560508 code [0x000002acd7560680, 0x000002acd7560d70]
Event: 55874.133 Thread 0x000002acc78f8e20 15778       1       java.lang.Class::getCanonicalName (37 bytes)
Event: 55874.133 Thread 0x000002acdeac3540 15779       1       org.hibernate.metamodel.model.domain.internal.JpaMetamodelImpl::lambda$processJpa$3 (113 bytes)
Event: 55874.133 Thread 0x000002acc78f8e20 nmethod 15778 0x000002acd7560208 code [0x000002acd7560340, 0x000002acd75604d0]
Event: 55874.135 Thread 0x000002acdeac3540 nmethod 15779 0x000002acd755fa88 code [0x000002acd755fc40, 0x000002acd7560170]
Event: 55874.139 Thread 0x000002acdeac3540 15780       1       com.mysql.cj.util.StringInspector::indexOfClosingMarker (352 bytes)
Event: 55874.141 Thread 0x000002acdeac3540 nmethod 15780 0x000002acd6e17b88 code [0x000002acd6e17d80, 0x000002acd6e188c0]
Event: 55874.359 Thread 0x000002acdeac3540 15781       1       com.mysql.cj.util.LazyString::<init> (10 bytes)
Event: 55874.359 Thread 0x000002acdeac3540 nmethod 15781 0x000002acd6e17888 code [0x000002acd6e179a0, 0x000002acd6e17ab0]
Event: 55874.359 Thread 0x000002acdeac3540 15782       1       com.mysql.cj.util.StringInspector::indexOfNextChar (9 bytes)
Event: 55874.359 Thread 0x000002acdeac3540 nmethod 15782 0x000002acd6e17588 code [0x000002acd6e176a0, 0x000002acd6e17780]

GC Heap History (20 events):
Event: 55811.380 GC heap after
{Heap after GC invocations=93 (full 15):
 garbage-first heap   total reserved 1533952K, committed 63488K, used 29656K [0x00000000a2600000, 0x0000000100000000)
  region size 1024K, 2 young (2048K), 2 survivors (2048K)
 Metaspace       used 73923K, committed 74624K, reserved 1179648K
  class space    used 8396K, committed 8704K, reserved 1048576K
}
Event: 55822.315 GC heap before
{Heap before GC invocations=93 (full 15):
 garbage-first heap   total reserved 1533952K, committed 63488K, used 30680K [0x00000000a2600000, 0x0000000100000000)
  region size 1024K, 3 young (3072K), 2 survivors (2048K)
 Metaspace       used 73923K, committed 74624K, reserved 1179648K
  class space    used 8396K, committed 8704K, reserved 1048576K
}
Event: 55822.334 GC heap after
{Heap after GC invocations=94 (full 15):
 garbage-first heap   total reserved 1533952K, committed 76800K, used 29702K [0x00000000a2600000, 0x0000000100000000)
  region size 1024K, 1 young (1024K), 1 survivors (1024K)
 Metaspace       used 73923K, committed 74624K, reserved 1179648K
  class space    used 8396K, committed 8704K, reserved 1048576K
}
Event: 55848.418 GC heap before
{Heap before GC invocations=95 (full 15):
 garbage-first heap   total reserved 1533952K, committed 76800K, used 31750K [0x00000000a2600000, 0x0000000100000000)
  region size 1024K, 3 young (3072K), 1 survivors (1024K)
 Metaspace       used 73919K, committed 74624K, reserved 1179648K
  class space    used 8395K, committed 8704K, reserved 1048576K
}
Event: 55848.422 GC heap after
{Heap after GC invocations=96 (full 15):
 garbage-first heap   total reserved 1533952K, committed 76800K, used 29546K [0x00000000a2600000, 0x0000000100000000)
  region size 1024K, 1 young (1024K), 1 survivors (1024K)
 Metaspace       used 73919K, committed 74624K, reserved 1179648K
  class space    used 8395K, committed 8704K, reserved 1048576K
}
Event: 55867.758 GC heap before
{Heap before GC invocations=96 (full 15):
 garbage-first heap   total reserved 1533952K, committed 76800K, used 30570K [0x00000000a2600000, 0x0000000100000000)
  region size 1024K, 3 young (3072K), 1 survivors (1024K)
 Metaspace       used 73924K, committed 74624K, reserved 1179648K
  class space    used 8396K, committed 8704K, reserved 1048576K
}
Event: 55867.863 GC heap after
{Heap after GC invocations=97 (full 16):
 garbage-first heap   total reserved 1533952K, committed 76800K, used 24710K [0x00000000a2600000, 0x0000000100000000)
  region size 1024K, 0 young (0K), 0 survivors (0K)
 Metaspace       used 73906K, committed 74624K, reserved 1179648K
  class space    used 8391K, committed 8704K, reserved 1048576K
}
Event: 55868.043 GC heap before
{Heap before GC invocations=97 (full 16):
 garbage-first heap   total reserved 1533952K, committed 76800K, used 27782K [0x00000000a2600000, 0x0000000100000000)
  region size 1024K, 3 young (3072K), 0 survivors (0K)
 Metaspace       used 73922K, committed 74624K, reserved 1179648K
  class space    used 8396K, committed 8704K, reserved 1048576K
}
Event: 55868.050 GC heap after
{Heap after GC invocations=98 (full 16):
 garbage-first heap   total reserved 1533952K, committed 76800K, used 25333K [0x00000000a2600000, 0x0000000100000000)
  region size 1024K, 1 young (1024K), 1 survivors (1024K)
 Metaspace       used 73922K, committed 74624K, reserved 1179648K
  class space    used 8396K, committed 8704K, reserved 1048576K
}
Event: 55868.226 GC heap before
{Heap before GC invocations=99 (full 16):
 garbage-first heap   total reserved 1533952K, committed 76800K, used 27381K [0x00000000a2600000, 0x0000000100000000)
  region size 1024K, 3 young (3072K), 1 survivors (1024K)
 Metaspace       used 73922K, committed 74624K, reserved 1179648K
  class space    used 8396K, committed 8704K, reserved 1048576K
}
Event: 55868.231 GC heap after
{Heap after GC invocations=100 (full 16):
 garbage-first heap   total reserved 1533952K, committed 76800K, used 25880K [0x00000000a2600000, 0x0000000100000000)
  region size 1024K, 1 young (1024K), 1 survivors (1024K)
 Metaspace       used 73922K, committed 74624K, reserved 1179648K
  class space    used 8396K, committed 8704K, reserved 1048576K
}
Event: 55868.353 GC heap before
{Heap before GC invocations=100 (full 16):
 garbage-first heap   total reserved 1533952K, committed 76800K, used 27928K [0x00000000a2600000, 0x0000000100000000)
  region size 1024K, 3 young (3072K), 1 survivors (1024K)
 Metaspace       used 73922K, committed 74624K, reserved 1179648K
  class space    used 8396K, committed 8704K, reserved 1048576K
}
Event: 55868.358 GC heap after
{Heap after GC invocations=101 (full 16):
 garbage-first heap   total reserved 1533952K, committed 76800K, used 26375K [0x00000000a2600000, 0x0000000100000000)
  region size 1024K, 1 young (1024K), 1 survivors (1024K)
 Metaspace       used 73922K, committed 74624K, reserved 1179648K
  class space    used 8396K, committed 8704K, reserved 1048576K
}
Event: 55871.952 GC heap before
{Heap before GC invocations=101 (full 16):
 garbage-first heap   total reserved 1533952K, committed 76800K, used 59143K [0x00000000a2600000, 0x0000000100000000)
  region size 1024K, 34 young (34816K), 1 survivors (1024K)
 Metaspace       used 74168K, committed 75008K, reserved 1179648K
  class space    used 8444K, committed 8832K, reserved 1048576K
}
Event: 55872.100 GC heap after
{Heap after GC invocations=102 (full 16):
 garbage-first heap   total reserved 1533952K, committed 76800K, used 30026K [0x00000000a2600000, 0x0000000100000000)
  region size 1024K, 5 young (5120K), 5 survivors (5120K)
 Metaspace       used 74168K, committed 75008K, reserved 1179648K
  class space    used 8444K, committed 8832K, reserved 1048576K
}
Event: 55872.545 GC heap before
{Heap before GC invocations=103 (full 16):
 garbage-first heap   total reserved 1533952K, committed 76800K, used 39242K [0x00000000a2600000, 0x0000000100000000)
  region size 1024K, 15 young (15360K), 5 survivors (5120K)
 Metaspace       used 74186K, committed 75008K, reserved 1179648K
  class space    used 8448K, committed 8832K, reserved 1048576K
}
Event: 55872.683 GC heap after
{Heap after GC invocations=104 (full 16):
 garbage-first heap   total reserved 1533952K, committed 76800K, used 31243K [0x00000000a2600000, 0x0000000100000000)
  region size 1024K, 2 young (2048K), 2 survivors (2048K)
 Metaspace       used 74186K, committed 75008K, reserved 1179648K
  class space    used 8448K, committed 8832K, reserved 1048576K
}
Event: 55872.812 GC heap before
{Heap before GC invocations=104 (full 16):
 garbage-first heap   total reserved 1533952K, committed 76800K, used 32267K [0x00000000a2600000, 0x0000000100000000)
  region size 1024K, 3 young (3072K), 2 survivors (2048K)
 Metaspace       used 74186K, committed 75008K, reserved 1179648K
  class space    used 8448K, committed 8832K, reserved 1048576K
}
Event: 55872.822 GC heap after
{Heap after GC invocations=105 (full 16):
 garbage-first heap   total reserved 1533952K, committed 76800K, used 31502K [0x00000000a2600000, 0x0000000100000000)
  region size 1024K, 1 young (1024K), 1 survivors (1024K)
 Metaspace       used 74186K, committed 75008K, reserved 1179648K
  class space    used 8448K, committed 8832K, reserved 1048576K
}
Event: 55875.413 GC heap before
{Heap before GC invocations=105 (full 16):
 garbage-first heap   total reserved 1533952K, committed 76800K, used 62222K [0x00000000a2600000, 0x0000000100000000)
  region size 1024K, 32 young (32768K), 1 survivors (1024K)
 Metaspace       used 74295K, committed 75136K, reserved 1179648K
  class space    used 8462K, committed 8832K, reserved 1048576K
}

Dll operation events (9 events):
Event: 0.015 Loaded shared library C:\Program Files\Java\jdk-24\bin\java.dll
Event: 0.133 Loaded shared library C:\Program Files\Java\jdk-24\bin\net.dll
Event: 0.136 Loaded shared library C:\Program Files\Java\jdk-24\bin\nio.dll
Event: 0.145 Loaded shared library C:\Program Files\Java\jdk-24\bin\zip.dll
Event: 0.379 Loaded shared library C:\Program Files\Java\jdk-24\bin\jimage.dll
Event: 0.847 Loaded shared library C:\Program Files\Java\jdk-24\bin\management.dll
Event: 0.853 Loaded shared library C:\Program Files\Java\jdk-24\bin\management_ext.dll
Event: 2.804 Loaded shared library C:\Program Files\Java\jdk-24\bin\sunmscapi.dll
Event: 6.668 Loaded shared library C:\Program Files\Java\jdk-24\bin\extnet.dll

Deoptimization events (6 events):
Event: 4.146 Thread 0x000002acc5c19100 DEOPT PACKING pc=0x000002acd6ae3f2c sp=0x000000d1255fc8e0
Event: 4.146 Thread 0x000002acc5c19100 DEOPT UNPACKING pc=0x000002acd6745722 sp=0x000000d1255fbdd8 mode 0
Event: 5.277 Thread 0x000002acc50379a0 DEOPT PACKING pc=0x000002acd6bd44b1 sp=0x000000d1265ff390
Event: 5.277 Thread 0x000002acc50379a0 DEOPT UNPACKING pc=0x000002acd6745722 sp=0x000000d1265fe7e8 mode 3
Event: 5.277 Thread 0x000002acc6826e20 DEOPT PACKING pc=0x000002acd6bf6016 sp=0x000000d1266febe0
Event: 5.277 Thread 0x000002acc6826e20 DEOPT UNPACKING pc=0x000002acd6745722 sp=0x000000d1266fe078 mode 3

Classes loaded (20 events):
Event: 53556.594 Loading class java/time/DurationEditor
Event: 53556.594 Loading class java/time/DurationEditor done
Event: 53633.489 Loading class java/time/DurationEditor
Event: 53633.491 Loading class java/time/DurationEditor done
Event: 54065.874 Loading class java/util/stream/ReferencePipeline$4
Event: 54065.878 Loading class java/util/stream/ReferencePipeline$4 done
Event: 54065.879 Loading class java/util/function/IntBinaryOperator
Event: 54065.881 Loading class java/util/function/IntBinaryOperator done
Event: 54065.883 Loading class java/util/stream/ReduceOps$7
Event: 54065.884 Loading class java/util/stream/ReduceOps$7 done
Event: 54065.884 Loading class java/util/stream/ReduceOps$6ReducingSink
Event: 54065.885 Loading class java/util/stream/ReduceOps$6ReducingSink done
Event: 54065.886 Loading class java/util/stream/ReferencePipeline$4$1
Event: 54065.886 Loading class java/util/stream/ReferencePipeline$4$1 done
Event: 54066.006 Loading class java/lang/Throwable$WrappedPrintWriter
Event: 54066.006 Loading class java/lang/Throwable$PrintStreamOrWriter
Event: 54066.006 Loading class java/lang/Throwable$PrintStreamOrWriter done
Event: 54066.006 Loading class java/lang/Throwable$WrappedPrintWriter done
Event: 55870.413 Loading class jdk/internal/loader/BootLoader$PackageHelper
Event: 55870.415 Loading class jdk/internal/loader/BootLoader$PackageHelper done

Classes unloaded (20 events):
Event: 54065.922 Thread 0x000002acdea90160 Unloading class 0x000002ac81400000 'java/lang/invoke/LambdaForm$DMH+0x000002ac81400000'
Event: 54065.922 Thread 0x000002acdea90160 Unloading class 0x000002ac81278400 'java/lang/invoke/LambdaForm$DMH+0x000002ac81278400'
Event: 54065.922 Thread 0x000002acdea90160 Unloading class 0x000002ac81824000 'java/lang/invoke/LambdaForm$DMH+0x000002ac81824000'
Event: 54065.922 Thread 0x000002acdea90160 Unloading class 0x000002ac81817400 'java/lang/invoke/LambdaForm$DMH+0x000002ac81817400'
Event: 54065.922 Thread 0x000002acdea90160 Unloading class 0x000002ac81818800 'java/lang/invoke/LambdaForm$MH+0x000002ac81818800'
Event: 54065.922 Thread 0x000002acdea90160 Unloading class 0x000002ac81821000 'java/lang/invoke/LambdaForm$MH+0x000002ac81821000'
Event: 54065.922 Thread 0x000002acdea90160 Unloading class 0x000002ac81821800 'java/lang/invoke/LambdaForm$MH+0x000002ac81821800'
Event: 54065.922 Thread 0x000002acdea90160 Unloading class 0x000002ac81823000 'java/lang/invoke/LambdaForm$MH+0x000002ac81823000'
Event: 55822.534 Thread 0x000002acdea90160 Unloading class 0x000002ac81862400 'java/lang/invoke/LambdaForm$MH+0x000002ac81862400'
Event: 55822.534 Thread 0x000002acdea90160 Unloading class 0x000002ac81849800 'java/lang/invoke/LambdaForm$MH+0x000002ac81849800'
Event: 55867.785 Thread 0x000002acdea90160 Unloading class 0x000002ac818a4800 'java/lang/invoke/LambdaForm$MH+0x000002ac818a4800'
Event: 55867.785 Thread 0x000002acdea90160 Unloading class 0x000002ac81400000 'java/lang/invoke/LambdaForm$MH+0x000002ac81400000'
Event: 55867.785 Thread 0x000002acdea90160 Unloading class 0x000002ac81861000 'java/lang/invoke/LambdaForm$MH+0x000002ac81861000'
Event: 55867.785 Thread 0x000002acdea90160 Unloading class 0x000002ac81892400 'java/lang/invoke/LambdaForm$MH+0x000002ac81892400'
Event: 55867.785 Thread 0x000002acdea90160 Unloading class 0x000002ac81892000 'java/lang/invoke/LambdaForm$MH+0x000002ac81892000'
Event: 55867.785 Thread 0x000002acdea90160 Unloading class 0x000002ac81890800 'java/lang/invoke/LambdaForm$MH+0x000002ac81890800'
Event: 55867.785 Thread 0x000002acdea90160 Unloading class 0x000002ac81400400 'java/lang/invoke/LambdaForm$MH+0x000002ac81400400'
Event: 55867.785 Thread 0x000002acdea90160 Unloading class 0x000002ac816c9c00 'java/lang/invoke/LambdaForm$MH+0x000002ac816c9c00'
Event: 55867.785 Thread 0x000002acdea90160 Unloading class 0x000002ac8170c000 'java/lang/invoke/LambdaForm$DMH+0x000002ac8170c000'
Event: 55867.785 Thread 0x000002acdea90160 Unloading class 0x000002ac8109c000 'java/lang/invoke/LambdaForm$MH+0x000002ac8109c000'

Classes redefined (0 events):
No events

Internal exceptions (20 events):
Event: 55869.559 Thread 0x000002acc76efb20 Exception <a 'java/io/IOException'{0x00000000a5610270}> (0x00000000a5610270) 
thrown [s\open\src\hotspot\share\prims\jni.cpp, line 518]
Event: 55869.598 Thread 0x000002acc76efb20 Exception <a 'java/io/FileNotFoundException'{0x00000000a56c20c0}> (0x00000000a56c20c0) 
thrown [s\open\src\hotspot\share\prims\jni.cpp, line 518]
Event: 55870.355 Thread 0x000002acc76ee530 Exception <a 'java/lang/InterruptedException'{0x00000000a5500068}: sleep interrupted> (0x00000000a5500068) 
thrown [s\open\src\hotspot\share\prims\jvm.cpp, line 2955]
Event: 55870.380 Thread 0x000002acc76efb20 Exception <a 'java/lang/NoClassDefFoundError'{0x00000000a4f2cbd0}: jakarta/validation/ValidationException> (0x00000000a4f2cbd0) 
thrown [s\open\src\hotspot\share\classfile\systemDictionary.cpp, line 316]
Event: 55870.381 Thread 0x000002acc76efb20 Exception <a 'java/lang/NoClassDefFoundError'{0x00000000a4f2e290}: liquibase/exception/ChangeLogParseException> (0x00000000a4f2e290) 
thrown [s\open\src\hotspot\share\classfile\systemDictionary.cpp, line 316]
Event: 55871.905 Thread 0x000002acc76edde0 Exception <a 'sun/nio/fs/WindowsException'{0x00000000a4e454d8}> (0x00000000a4e454d8) 
thrown [s\open\src\hotspot\share\prims\jni.cpp, line 518]
Event: 55873.337 Thread 0x000002acc76edde0 Exception <a 'java/lang/NoClassDefFoundError'{0x00000000a6546fe0}: org/flywaydb/core/Flyway> (0x00000000a6546fe0) 
thrown [s\open\src\hotspot\share\oops\constantPool.cpp, line 1048]
Event: 55873.337 Thread 0x000002acc76edde0 Exception <a 'java/lang/NoClassDefFoundError'{0x00000000a6547640}: liquibase/integration/spring/SpringLiquibase> (0x00000000a6547640) 
thrown [s\open\src\hotspot\share\oops\constantPool.cpp, line 1048]
Event: 55873.349 Thread 0x000002acc76edde0 Exception <a 'java/lang/NoClassDefFoundError'{0x00000000a6570e48}: org/jooq/DSLContext> (0x00000000a6570e48) 
thrown [s\open\src\hotspot\share\oops\constantPool.cpp, line 1048]
Event: 55873.357 Thread 0x000002acc76edde0 Exception <a 'java/lang/NoClassDefFoundError'{0x00000000a65b41a0}: org/springframework/batch/core/repository/JobRepository> (0x00000000a65b41a0) 
thrown [s\open\src\hotspot\share\oops\constantPool.cpp, line 1048]
Event: 55873.357 Thread 0x000002acc76edde0 Exception <a 'java/lang/NoClassDefFoundError'{0x00000000a65b47f8}: org/quartz/Scheduler> (0x00000000a65b47f8) 
thrown [s\open\src\hotspot\share\oops\constantPool.cpp, line 1048]
Event: 55873.357 Thread 0x000002acc76edde0 Exception <a 'java/lang/NoClassDefFoundError'{0x00000000a65b4e78}: org/springframework/session/jdbc/JdbcIndexedSessionRepository> (0x00000000a65b4e78) 
thrown [s\open\src\hotspot\share\oops\constantPool.cpp, line 1048]
Event: 55873.507 Thread 0x000002acc76edde0 Exception <a 'java/io/FileNotFoundException'{0x00000000a6097c58}> (0x00000000a6097c58) 
thrown [s\open\src\hotspot\share\prims\jni.cpp, line 518]
Event: 55873.538 Thread 0x000002acc76edde0 Exception <a 'java/io/IOException'{0x00000000a5f84670}> (0x00000000a5f84670) 
thrown [s\open\src\hotspot\share\prims\jni.cpp, line 518]
Event: 55873.539 Thread 0x000002acc76edde0 Exception <a 'java/io/IOException'{0x00000000a5f84da8}> (0x00000000a5f84da8) 
thrown [s\open\src\hotspot\share\prims\jni.cpp, line 518]
Event: 55873.541 Thread 0x000002acc76edde0 Exception <a 'java/io/IOException'{0x00000000a5f854d0}> (0x00000000a5f854d0) 
thrown [s\open\src\hotspot\share\prims\jni.cpp, line 518]
Event: 55873.549 Thread 0x000002acc76edde0 Exception <a 'java/io/IOException'{0x00000000a5f88c78}> (0x00000000a5f88c78) 
thrown [s\open\src\hotspot\share\prims\jni.cpp, line 518]
Event: 55873.550 Thread 0x000002acc76edde0 Exception <a 'java/io/IOException'{0x00000000a5f896f8}> (0x00000000a5f896f8) 
thrown [s\open\src\hotspot\share\prims\jni.cpp, line 518]
Event: 55873.552 Thread 0x000002acc76edde0 Exception <a 'java/io/IOException'{0x00000000a5f8a2b8}> (0x00000000a5f8a2b8) 
thrown [s\open\src\hotspot\share\prims\jni.cpp, line 518]
Event: 55873.574 Thread 0x000002acc76edde0 Exception <a 'java/io/FileNotFoundException'{0x00000000a5e32c78}> (0x00000000a5e32c78) 
thrown [s\open\src\hotspot\share\prims\jni.cpp, line 518]

VM Operations (20 events):
Event: 55868.149 Executing VM operation: G1PauseCleanup done
Event: 55868.226 Executing VM operation: G1CollectForAllocation (G1 Evacuation Pause)
Event: 55868.231 Executing VM operation: G1CollectForAllocation (G1 Evacuation Pause) done
Event: 55868.352 Executing VM operation: G1CollectForAllocation (G1 Evacuation Pause)
Event: 55868.358 Executing VM operation: G1CollectForAllocation (G1 Evacuation Pause) done
Event: 55871.925 Executing VM operation: G1CollectForAllocation (G1 Evacuation Pause)
Event: 55872.100 Executing VM operation: G1CollectForAllocation (G1 Evacuation Pause) done
Event: 55872.127 Executing VM operation: G1PauseRemark
Event: 55872.207 Executing VM operation: G1PauseRemark done
Event: 55872.218 Executing VM operation: G1PauseCleanup
Event: 55872.218 Executing VM operation: G1PauseCleanup done
Event: 55872.545 Executing VM operation: G1CollectForAllocation (G1 Evacuation Pause)
Event: 55872.683 Executing VM operation: G1CollectForAllocation (G1 Evacuation Pause) done
Event: 55872.812 Executing VM operation: G1CollectForAllocation (G1 Evacuation Pause)
Event: 55872.822 Executing VM operation: G1CollectForAllocation (G1 Evacuation Pause) done
Event: 55873.465 Executing VM operation: HandshakeAllThreads (HandshakeForDeflation)
Event: 55873.465 Executing VM operation: HandshakeAllThreads (HandshakeForDeflation) done
Event: 55873.465 Executing VM operation: RendezvousGCThreads
Event: 55873.465 Executing VM operation: RendezvousGCThreads done
Event: 55875.413 Executing VM operation: G1CollectForAllocation (G1 Evacuation Pause)

Memory protections (0 events):
No events

Nmethod flushes (20 events):
Event: 55868.135 Thread 0x000002acdea90160 flushing  nmethod 0x000002acd7515908
Event: 55868.135 Thread 0x000002acdea90160 flushing  nmethod 0x000002acd7515d08
Event: 55868.135 Thread 0x000002acdea90160 flushing  nmethod 0x000002acd7516888
Event: 55868.135 Thread 0x000002acdea90160 flushing  nmethod 0x000002acd7516c08
Event: 55868.135 Thread 0x000002acdea90160 flushing  nmethod 0x000002acd7516f88
Event: 55868.135 Thread 0x000002acdea90160 flushing  nmethod 0x000002acd7517e08
Event: 55868.135 Thread 0x000002acdea90160 flushing  nmethod 0x000002acd7518b88
Event: 55868.135 Thread 0x000002acdea90160 flushing  nmethod 0x000002acd7518f88
Event: 55868.135 Thread 0x000002acdea90160 flushing  nmethod 0x000002acd7519408
Event: 55868.135 Thread 0x000002acdea90160 flushing  nmethod 0x000002acd7519808
Event: 55868.135 Thread 0x000002acdea90160 flushing  nmethod 0x000002acd7519c88
Event: 55868.135 Thread 0x000002acdea90160 flushing  nmethod 0x000002acd751a108
Event: 55868.135 Thread 0x000002acdea90160 flushing  nmethod 0x000002acd751a588
Event: 55868.135 Thread 0x000002acdea90160 flushing  nmethod 0x000002acd751aa08
Event: 55868.135 Thread 0x000002acdea90160 flushing  nmethod 0x000002acd75ee808
Event: 55868.135 Thread 0x000002acdea90160 flushing  nmethod 0x000002acd75eeb08
Event: 55868.135 Thread 0x000002acdea90160 flushing  nmethod 0x000002acd75f3c88
Event: 55868.135 Thread 0x000002acdea90160 flushing  nmethod 0x000002acd75f4588
Event: 55868.135 Thread 0x000002acdea90160 flushing  nmethod 0x000002acd75f4b88
Event: 55868.135 Thread 0x000002acdea90160 flushing  nmethod 0x000002acd75f5488

Events (20 events):
Event: 55869.600 Thread 0x000002acc76efb20 Thread added: 0x000002acc76ed690
Event: 55869.603 Thread 0x000002acc76efb20 Thread added: 0x000002acc76ee530
Event: 55870.246 Thread 0x000002acc76efb20 Thread added: 0x000002acc76ec7f0
Event: 55870.343 Thread 0x000002acc76efb20 Thread added: 0x000002acc76ef3d0
Event: 55870.343 Thread 0x000002acc76ec7f0 Thread exited: 0x000002acc76ec7f0
Event: 55870.345 Thread 0x000002acc76ef3d0 Thread exited: 0x000002acc76ef3d0
Event: 55870.355 Thread 0x000002acc76ee530 Thread exited: 0x000002acc76ee530
Event: 55870.355 Thread 0x000002acc76eec80 Thread exited: 0x000002acc76eec80
Event: 55870.356 Thread 0x000002acc76ed690 Thread exited: 0x000002acc76ed690
Event: 55870.448 Thread 0x000002acc76efb20 Thread exited: 0x000002acc76efb20
Event: 55870.449 Thread 0x000002acc76f2e50 Thread added: 0x000002acc76ed690
Event: 55871.892 Thread 0x000002acc76f2e50 Thread added: 0x000002acc76edde0
Event: 55871.897 Thread 0x000002acc78f7680 Thread exited: 0x000002acc78f7680
Event: 55872.303 Thread 0x000002acc76edde0 Thread added: 0x000002acc76ee530
Event: 55872.434 Thread 0x000002acc76ee530 Thread exited: 0x000002acc76ee530
Event: 55873.576 Thread 0x000002acc76edde0 Thread added: 0x000002acc76ee530
Event: 55873.576 Thread 0x000002acc76edde0 Thread added: 0x000002acc76ec7f0
Event: 55873.577 Thread 0x000002acc76edde0 Thread added: 0x000002acc76f1860
Event: 55873.787 Thread 0x000002acc76edde0 Thread added: 0x000002acc76f0270
Event: 55873.897 Thread 0x000002acc76f0270 Thread added: 0x000002acc76f1fb0


Dynamic libraries:
0x00007ff6ac4f0000 - 0x00007ff6ac500000 	C:\Program Files\Java\jdk-24\bin\java.exe
0x00007ffb3d7c0000 - 0x00007ffb3da27000 	C:\WINDOWS\SYSTEM32\ntdll.dll
0x00007ffb3c460000 - 0x00007ffb3c529000 	C:\WINDOWS\System32\KERNEL32.DLL
0x00007ffb3a5a0000 - 0x00007ffb3a997000 	C:\WINDOWS\System32\KERNELBASE.dll
0x00007ffb3b3f0000 - 0x00007ffb3b53b000 	C:\WINDOWS\System32\ucrtbase.dll
0x00007ffb14bb0000 - 0x00007ffb14bc6000 	C:\Program Files\Java\jdk-24\bin\jli.dll
0x00007ffb16160000 - 0x00007ffb1617b000 	C:\Program Files\Java\jdk-24\bin\VCRUNTIME140.dll
0x00007ffb3c1e0000 - 0x00007ffb3c3a6000 	C:\WINDOWS\System32\USER32.dll
0x00007ffb3a370000 - 0x00007ffb3a397000 	C:\WINDOWS\System32\win32u.dll
0x00007ffb28e30000 - 0x00007ffb290c2000 	C:\WINDOWS\WinSxS\amd64_microsoft.windows.common-controls_6595b64144ccf1df_6.0.26100.8457_none_3e0b2faee331e92d\COMCTL32.dll
0x00007ffb3d280000 - 0x00007ffb3d2ab000 	C:\WINDOWS\System32\GDI32.dll
0x00007ffb3c670000 - 0x00007ffb3c719000 	C:\WINDOWS\System32\msvcrt.dll
0x00007ffb3aa50000 - 0x00007ffb3ab7c000 	C:\WINDOWS\System32\gdi32full.dll
0x00007ffb3a460000 - 0x00007ffb3a503000 	C:\WINDOWS\System32\msvcp_win.dll
0x00007ffb3c5e0000 - 0x00007ffb3c612000 	C:\WINDOWS\System32\IMM32.DLL
0x00007ffb17d80000 - 0x00007ffb17d8c000 	C:\Program Files\Java\jdk-24\bin\vcruntime140_1.dll
0x00007ffb100f0000 - 0x00007ffb1017e000 	C:\Program Files\Java\jdk-24\bin\msvcp140.dll
0x00007ffa74a20000 - 0x00007ffa757c2000 	C:\Program Files\Java\jdk-24\bin\server\jvm.dll
0x00007ffb3caf0000 - 0x00007ffb3cba6000 	C:\WINDOWS\System32\ADVAPI32.dll
0x00007ffb3c530000 - 0x00007ffb3c5d7000 	C:\WINDOWS\System32\sechost.dll
0x00007ffb3b540000 - 0x00007ffb3b658000 	C:\WINDOWS\System32\RPCRT4.dll
0x00007ffb3c890000 - 0x00007ffb3c910000 	C:\WINDOWS\System32\WS2_32.dll
0x00007ffb34080000 - 0x00007ffb340b6000 	C:\WINDOWS\SYSTEM32\WINMM.dll
0x00007ffb3a050000 - 0x00007ffb3a0ae000 	C:\WINDOWS\SYSTEM32\POWRPROF.dll
0x00007ffb340c0000 - 0x00007ffb340cb000 	C:\WINDOWS\SYSTEM32\VERSION.dll
0x00007ffb3a030000 - 0x00007ffb3a044000 	C:\WINDOWS\SYSTEM32\UMPDC.dll
0x00007ffb38f40000 - 0x00007ffb38f5b000 	C:\WINDOWS\SYSTEM32\kernel.appcore.dll
0x00007ffb16540000 - 0x00007ffb1654a000 	C:\Program Files\Java\jdk-24\bin\jimage.dll
0x00007ffb2def0000 - 0x00007ffb2e132000 	C:\WINDOWS\SYSTEM32\DBGHELP.DLL
0x00007ffb3cbb0000 - 0x00007ffb3cf33000 	C:\WINDOWS\System32\combase.dll
0x00007ffb3cf40000 - 0x00007ffb3d019000 	C:\WINDOWS\System32\OLEAUT32.dll
0x00007ffb28770000 - 0x00007ffb287ab000 	C:\WINDOWS\SYSTEM32\dbgcore.DLL
0x00007ffb3a9a0000 - 0x00007ffb3aa48000 	C:\WINDOWS\System32\bcryptPrimitives.dll
0x00007ffb149d0000 - 0x00007ffb149ee000 	C:\Program Files\Java\jdk-24\bin\java.dll
0x00007ffb3b6e0000 - 0x00007ffb3b877000 	C:\WINDOWS\System32\ole32.dll
0x00007ffb3ba60000 - 0x00007ffb3c1ce000 	C:\WINDOWS\System32\SHELL32.dll
0x00007ffb3ab80000 - 0x00007ffb3b3ec000 	C:\WINDOWS\System32\windows.storage.dll
0x00007ffb3c720000 - 0x00007ffb3c816000 	C:\WINDOWS\System32\SHCORE.dll
0x00007ffb3c820000 - 0x00007ffb3c886000 	C:\WINDOWS\System32\shlwapi.dll
0x00007ffb3a110000 - 0x00007ffb3a139000 	C:\WINDOWS\SYSTEM32\profapi.dll
0x00007ffb16260000 - 0x00007ffb16270000 	C:\Program Files\Java\jdk-24\bin\net.dll
0x00007ffb39490000 - 0x00007ffb394fc000 	C:\WINDOWS\system32\mswsock.dll
0x00007ffb13b40000 - 0x00007ffb13b56000 	C:\Program Files\Java\jdk-24\bin\nio.dll
0x00007ffb12760000 - 0x00007ffb12777000 	C:\Program Files\Java\jdk-24\bin\zip.dll
0x00007ffb2f6c0000 - 0x00007ffb2f6ca000 	C:\Program Files\Java\jdk-24\bin\management.dll
0x00007ffb2f6b0000 - 0x00007ffb2f6bb000 	C:\Program Files\Java\jdk-24\bin\management_ext.dll
0x00007ffb3cae0000 - 0x00007ffb3cae8000 	C:\WINDOWS\System32\PSAPI.DLL
0x00007ffb12900000 - 0x00007ffb1290e000 	C:\Program Files\Java\jdk-24\bin\sunmscapi.dll
0x00007ffb3a1f0000 - 0x00007ffb3a368000 	C:\WINDOWS\System32\CRYPT32.dll
0x00007ffb399f0000 - 0x00007ffb39a20000 	C:\WINDOWS\SYSTEM32\ncrypt.dll
0x00007ffb399a0000 - 0x00007ffb399df000 	C:\WINDOWS\SYSTEM32\NTASN1.dll
0x00007ffb39890000 - 0x00007ffb398ab000 	C:\WINDOWS\SYSTEM32\CRYPTSP.dll
0x00007ffb38ea0000 - 0x00007ffb38ed9000 	C:\WINDOWS\system32\rsaenh.dll
0x00007ffb39540000 - 0x00007ffb39573000 	C:\WINDOWS\SYSTEM32\USERENV.dll
0x00007ffb3a0e0000 - 0x00007ffb3a10a000 	C:\WINDOWS\SYSTEM32\bcrypt.dll
0x00007ffb396f0000 - 0x00007ffb396fc000 	C:\WINDOWS\SYSTEM32\CRYPTBASE.dll
0x00007ffb38930000 - 0x00007ffb38962000 	C:\WINDOWS\SYSTEM32\IPHLPAPI.DLL
0x00007ffb3c3b0000 - 0x00007ffb3c3ba000 	C:\WINDOWS\System32\NSI.dll
0x00007ffb38970000 - 0x00007ffb38aa2000 	C:\WINDOWS\SYSTEM32\DNSAPI.dll
0x00007ffb33e40000 - 0x00007ffb33e4b000 	C:\Windows\System32\rasadhlp.dll
0x00007ffb31df0000 - 0x00007ffb31e76000 	C:\WINDOWS\System32\fwpuclnt.dll
0x00007ffb149c0000 - 0x00007ffb149c9000 	C:\Program Files\Java\jdk-24\bin\extnet.dll
0x00007ffae8520000 - 0x00007ffae8528000 	C:\WINDOWS\system32\wshunix.dll

dbghelp: loaded successfully - version: 4.0.5 - missing functions: none
symbol engine: initialized successfully - sym options: 0x614 - pdb path: .;C:\Program Files\Java\jdk-24\bin;C:\WINDOWS\SYSTEM32;C:\WINDOWS\WinSxS\amd64_microsoft.windows.common-controls_6595b64144ccf1df_6.0.26100.8457_none_3e0b2faee331e92d;C:\Program Files\Java\jdk-24\bin\server

VM Arguments:
jvm_args: -XX:TieredStopAtLevel=1 
java_command: br.cefetmg.quadrafacil.QuadrafacilApplication
java_class_path (initial): C:\Users\Usuario\Documents\GitHub\PP-Jordan_e_Lucas\ApiQuadraFacil\target\classes;C:\Users\Usuario\.m2\repository\ch\qos\logback\logback-classic\1.5.32\logback-classic-1.5.32.jar;C:\Users\Usuario\.m2\repository\ch\qos\logback\logback-core\1.5.32\logback-core-1.5.32.jar;C:\Users\Usuario\.m2\repository\org\apache\logging\log4j\log4j-to-slf4j\2.24.3\log4j-to-slf4j-2.24.3.jar;C:\Users\Usuario\.m2\repository\org\apache\logging\log4j\log4j-api\2.24.3\log4j-api-2.24.3.jar;C:\Users\Usuario\.m2\repository\org\slf4j\jul-to-slf4j\2.0.17\jul-to-slf4j-2.0.17.jar;C:\Users\Usuario\.m2\repository\jakarta\annotation\jakarta.annotation-api\2.1.1\jakarta.annotation-api-2.1.1.jar;C:\Users\Usuario\.m2\repository\org\yaml\snakeyaml\2.4\snakeyaml-2.4.jar;C:\Users\Usuario\.m2\repository\com\fasterxml\jackson\core\jackson-databind\2.21.2\jackson-databind-2.21.2.jar;C:\Users\Usuario\.m2\repository\com\fasterxml\jackson\core\jackson-annotations\2.21\jackson-annotations-2.21.jar;C:\Users\Usuario\.m2\repository\com\fasterxml\jackson\core\jackson-core\2.21.2\jackson-core-2.21.2.jar;C:\Users\Usuario\.m2\repository\com\fasterxml\jackson\datatype\jackson-datatype-jdk8\2.21.2\jackson-datatype-jdk8-2.21.2.jar;C:\Users\Usuario\.m2\repository\com\fasterxml\jackson\datatype\jackson-datatype-jsr310\2.21.2\jackson-datatype-jsr310-2.21.2.jar;C:\Users\Usuario\.m2\repository\com\fasterxml\jackson\module\jackson-module-parameter-names\2.21.2\jackson-module-parameter-names-2.21.2.jar;C:\Users\Usuario\.m2\repository\org\apache\tomcat\embed\tomcat-embed-core\10.1.53\tomcat-embed-core-10.1.53.jar;C:\Users\Usuario\.m2\repository\org\apache\tomcat\embed\tomcat-embed-el\10.1.53\tomcat-embed-el-10.1.53.jar;C:\Users\Usuario\.m2\repository\org\apache\tomcat\embed\tomcat-embed-websocket\10.1.53\tomcat-embed-websocket-10.1.53.jar;C:\Users\Usuario\.m2\repository\org\springframework\spring-web\6.2.17\spring-web-6.2.17.jar;C:\Users\Usuario\.m2\repository\org\springframework\spring-beans\6.2.17\spring-beans-6.2.17.jar;C:\Users\Usuario\.m2\repository\io\micrometer\micrometer-observation\1.15.10\micrometer-observation-1.15.10.jar;C:\Users\Usuario\.m2\repository\io\micrometer\micrometer-commons\1.15.10\micrometer-commons-1.15.10.jar;C:\Users\Usuario\.m2\repository\org\springframework\spring-webmvc\6.2.17\spring-webmvc-6.2.17.jar;C:\Users\Usuario\.m2\repository\org\springframework\spring-aop\6.2.17\spring-aop-6.2.17.jar;C:\Users\Usuario\.m2\repository\org\springframework\spring-context\6.2.17\spring-context-6.2.17.jar;C:\Users\Usuario\.m2\repository\org\springframework\spring-expression\6.2.17\spring-expression-6.2.17.jar;C:\Users\Usuario\.m2\repository\com\zaxxer\HikariCP\6.3.3\HikariCP-6.3.3.jar;C:\Users\Usuario\.m2\repository\org\springframework\spring-jdbc\6.2.17\spring-jdbc-6.2.17.jar;C:\Users\Usuario\.m2\repository\org\hibernate\orm\hibernate-core\6.6.45.Final\hibernate-core-6.6.45.Final.jar;C:\Users\Usuario\.m2\repository\jakarta\persistence\jakarta.persistence-api\3.1.0\jakarta.persistence-api-3.1.0.jar;C:\Users\Usuario\.m2\repository\jakarta\transaction\jakarta.transaction-api\2.0.1\jakarta.transaction-api-2.0.1.jar;C:\Users\Usuario\.m2\repository\org\jboss\logging\jboss-logging\3.6.3.Final\jboss-logging-3.6.3.Final.jar;C:\Users\Usuario\.m2\repository\org\hibernate\common\hibernate-commons-annotations\7.0.3.Final\hibernate-commons-annotations-7.0.3.Final.jar;C:\Users\Usuario\.m2\repository\io\smallrye\jandex\3.2.0\jandex-3.2.0.jar;C:\Users\Usuario\.m2\repository\com\fasterxml\classmate\1.7.3\classmate-1.7.3.jar;C:\Users\Usuario\.m2\repository\net\bytebuddy\byte-buddy\1.17.8\byte-buddy-1.17.8.jar;C:\Users\Usuario\.m2\repository\org\glassfish\jaxb\jaxb-runtime\4.0.6\jaxb-runtime-4.0.6.jar;C:\Users\Usuario\.m2\repository\org\glassfish\jaxb\jaxb-core\4.0.6\jaxb-core-4.0.6.jar;C:\Users\Usuario\.m2\repository\org\eclipse\angus\angus-activation\2.0.3\angus-activation-2.0.3.jar;C:\Users\Usuario\.m2\repository\org\glassfish\jaxb\txw2\4.0.6\txw2-4.0.6.jar;C:\Users\Usuario\.m2\repository\com\sun\istack\istack-commons-runtime\4.1.2\istack-commons-runtime-4.1.2.jar;C:\Users\Usuario\.m2\repository\jakarta\inject\jakarta.inject-api\2.0.1\jakarta.inject-api-2.0.1.jar;C:\Users\Usuario\.m2\repository\org\antlr\antlr4-runtime\4.13.0\antlr4-runtime-4.13.0.jar;C:\Users\Usuario\.m2\repository\org\springframework\data\spring-data-jpa\3.5.10\spring-data-jpa-3.5.10.jar;C:\Users\Usuario\.m2\repository\org\springframework\data\spring-data-commons\3.5.10\spring-data-commons-3.5.10.jar;C:\Users\Usuario\.m2\repository\org\springframework\spring-orm\6.2.17\spring-orm-6.2.17.jar;C:\Users\Usuario\.m2\repository\org\springframework\spring-tx\6.2.17\spring-tx-6.2.17.jar;C:\Users\Usuario\.m2\repository\org\slf4j\slf4j-api\2.0.17\slf4j-api-2.0.17.jar;C:\Users\Usuario\.m2\repository\org\springframework\spring-aspects\6.2.17\spring-aspects-6.2.17.jar;C:\Users\Usuario\.m2\repository\org\aspectj\aspectjweaver\1.9.25.1\aspectjweaver-1.9.25.1.jar;C:\Users\Usuario\.m2\repository\org\springframework\boot\spring-boot-devtools\3.5.13\spring-boot-devtools-3.5.13.jar;C:\Users\Usuario\.m2\repository\org\springframework\boot\spring-boot\3.5.13\spring-boot-3.5.13.jar;C:\Users\Usuario\.m2\repository\org\springframework\boot\spring-boot-autoconfigure\3.5.13\spring-boot-autoconfigure-3.5.13.jar;C:\Users\Usuario\.m2\repository\com\mysql\mysql-connector-j\9.6.0\mysql-connector-j-9.6.0.jar;C:\Users\Usuario\.m2\repository\jakarta\xml\bind\jakarta.xml.bind-api\4.0.4\jakarta.xml.bind-api-4.0.4.jar;C:\Users\Usuario\.m2\repository\jakarta\activation\jakarta.activation-api\2.1.4\jakarta.activation-api-2.1.4.jar;C:\Users\Usuario\.m2\repository\org\springframework\spring-core\6.2.17\spring-core-6.2.17.jar;C:\Users\Usuario\.m2\repository\org\springframework\spring-jcl\6.2.17\spring-jcl-6.2.17.jar
Launcher Type: SUN_STANDARD

[Global flags]
     intx CICompilerCount                          = 12                                        {product} {ergonomic}
     uint ConcGCThreads                            = 3                                         {product} {ergonomic}
     uint G1ConcRefinementThreads                  = 13                                        {product} {ergonomic}
   size_t G1HeapRegionSize                         = 1048576                                   {product} {ergonomic}
   size_t InitialHeapSize                          = 98566144                                  {product} {ergonomic}
   size_t MarkStackSize                            = 4194304                                   {product} {ergonomic}
   size_t MarkStackSizeMax                         = 536870912                                 {product} {ergonomic}
   size_t MaxHeapSize                              = 1570766848                                {product} {ergonomic}
   size_t MaxNewSize                               = 941621248                                 {product} {ergonomic}
   size_t MinHeapDeltaBytes                        = 1048576                                   {product} {ergonomic}
   size_t MinHeapSize                              = 8388608                                   {product} {ergonomic}
    uintx NonNMethodCodeHeapSize                   = 4096                                   {pd product} {ergonomic}
    uintx NonProfiledCodeHeapSize                  = 0                                      {pd product} {ergonomic}
     bool ProfileInterpreter                       = false                                  {pd product} {command line}
    uintx ProfiledCodeHeapSize                     = 0                                      {pd product} {ergonomic}
   size_t SoftMaxHeapSize                          = 1570766848                             {manageable} {ergonomic}
     intx TieredStopAtLevel                        = 1                                         {product} {command line}
     bool UseCompressedOops                        = true                           {product lp64_product} {ergonomic}
     bool UseG1GC                                  = true                                      {product} {ergonomic}
     bool UseLargePagesIndividualAllocation        = false                                  {pd product} {ergonomic}

Logging:
Log output configuration:
 #0: stdout all=warning uptime,level,tags foldmultilines=false
 #1: stderr all=off uptime,level,tags foldmultilines=false

Environment Variables:
PATH=C:\Program Files\Common Files\Oracle\Java\javapath;C:\WINDOWS\system32;C:\WINDOWS;C:\WINDOWS\System32\Wbem;C:\WINDOWS\System32\WindowsPowerShell\v1.0\;C:\WINDOWS\System32\OpenSSH\;C:\Program Files\dotnet\;C:\Program Files\nodejs\;C:\Program Files\Git\cmd;C:\Users\Usuario\AppData\Local\Microsoft\WindowsApps;C:\Users\Usuario\AppData\Local\Programs\Microsoft VS Code\bin;C:\Users\Usuario\AppData\Local\GitHubDesktop\bin;C:\Users\Usuario\AppData\Roaming\npm
USERNAME=Usuario
OS=Windows_NT
PROCESSOR_IDENTIFIER=AMD64 Family 23 Model 104 Stepping 1, AuthenticAMD
TMP=C:\Users\Usuario\AppData\Local\Temp
TEMP=C:\Users\Usuario\AppData\Local\Temp




Periodic native trim disabled

---------------  S Y S T E M  ---------------

OS:
 Windows 11 , 64 bit Build 26100 (10.0.26100.8328)
OS uptime: 0 days 16:45 hours
Hyper-V role detected

CPU: total 16 (initial active 16) (16 cores per cpu, 2 threads per core) family 23 model 104 stepping 1 microcode 0x8608103, cx8, cmov, fxsr, ht, mmx, 3dnowpref, sse, sse2, sse3, ssse3, sse4a, sse4.1, sse4.2, popcnt, lzcnt, tsc, tscinvbit, avx, avx2, aes, clmul, bmi1, bmi2, adx, sha, fma, vzeroupper, clflush, clflushopt, hv, rdtscp, rdpid, f16c
Processor Information for the first 16 processors :
  Max Mhz: 1801, Current Mhz: 1801, Mhz Limit: 1801

Memory: 4k page, system-wide physical 5989M (203M free)
TotalPageFile size 24421M (AvailPageFile size 5M)
current process WorkingSet (physical memory assigned to process): 211M, peak: 211M
current process commit charge ("private bytes"): 313M, peak: 367M

vm_info: Java HotSpot(TM) 64-Bit Server VM (24+36-3646) for windows-amd64 JRE (24+36-3646), built on 2025-02-06T00:20:43Z with MS VC++ 17.6 (VS2022)

END.
